<?xml version="1.0" encoding="UTF-8"?>
<!-- Generated by org.testng.reporters.JUnitReportReporter -->
<testsuite hostname="DESKTOP-0V9GP84" name="com.pageobjectmodule.TestScript.RecruitmentPageTest" tests="3" failures="0" timestamp="3 Dec 2020 14:55:02 GMT" time="2.443" errors="0">
  <testcase name="validateJobVacancy" time="0.220" classname="com.pageobjectmodule.TestScript.RecruitmentPageTest"/>
  <testcase name="validateRecruitmentMenu" time="1.918" classname="com.pageobjectmodule.TestScript.RecruitmentPageTest"/>
  <testcase name="validateJobTitle1" time="0.305" classname="com.pageobjectmodule.TestScript.RecruitmentPageTest"/>
</testsuite> <!-- com.pageobjectmodule.TestScript.RecruitmentPageTest -->
