<?xml version="1.0" encoding="UTF-8"?>
<!-- Generated by org.testng.reporters.JUnitReportReporter -->
<testsuite hostname="DESKTOP-0V9GP84" name="com.pageobjectmodule.TestScript.HomePageTestScript" tests="1" failures="0" timestamp="26 Nov 2020 14:50:00 GMT" time="2.099" errors="0">
  <testcase name="validateRecruitmentMenu" time="2.099" classname="com.pageobjectmodule.TestScript.HomePageTestScript"/>
</testsuite> <!-- com.pageobjectmodule.TestScript.HomePageTestScript -->
